<?xml version="1.0" encoding="utf-8"?><testsuites name="pytest tests"><testsuite name="pytest" errors="0" failures="0" skipped="11" tests="247" time="15.466" timestamp="2026-09-14T14:09:49.870948+02:00" hostname="Hannahs-Laptop.local"><testcase classname="tests.kernel.test_context_digest_correction" name="test_each_transaction_context_input_changes_the_canonical_digest" time="0.001" /><testcase classname="tests.kernel.test_context_digest_correction" name="test_supplied_digest_and_derived_current_projection_are_not_digest_inputs" time="0.000" /><testcase classname="tests.kernel.test_context_digest_correction" name="test_each_context_change_rejects_a_pre_correction_receipt[expected_revision-rev-8]" time="0.000" /><testcase classname="tests.kernel.test_context_digest_correction" name="test_each_context_change_rejects_a_pre_correction_receipt[expected_version-8]" time="0.000" /><testcase classname="tests.kernel.test_context_digest_correction" name="test_each_context_change_rejects_a_pre_correction_receipt[edit_token-edit-8]" time="0.000" /><testcase classname="tests.kernel.test_context_digest_correction" name="test_each_context_change_rejects_a_pre_correction_receipt[correlation_id-corr-8]" time="0.000" /><testcase classname="tests.kernel.test_context_digest_correction" name="test_each_context_change_rejects_a_pre_correction_receipt[causation_id-cause-7]" time="0.000" /><testcase classname="tests.kernel.test_context_digest_correction" name="test_limit_service_rejects_each_context_change_against_legacy_receipt[expected_revision-rev-1]" time="0.042" /><testcase classname="tests.kernel.test_context_digest_correction" name="test_limit_service_rejects_each_context_change_against_legacy_receipt[expected_version-1]" time="0.004" /><testcase classname="tests.kernel.test_context_digest_correction" name="test_limit_service_rejects_each_context_change_against_legacy_receipt[edit_token-edit-8]" time="0.008" /><testcase classname="tests.kernel.test_context_digest_correction" name="test_limit_service_rejects_each_context_change_against_legacy_receipt[correlation_id-corr-8]" time="0.005" /><testcase classname="tests.kernel.test_context_digest_correction" name="test_limit_service_rejects_each_context_change_against_legacy_receipt[causation_id-cause-7]" time="0.003" /><testcase classname="tests.kernel.test_context_digest_correction" name="test_operation_request_envelope_carries_all_context_inputs_into_digest" time="0.000" /><testcase classname="tests.kernel.test_context_digest_correction" name="test_limit_service_public_builders_construct_context_aware_envelopes" time="0.006" /><testcase classname="tests.kernel.test_public_command_capabilities" name="test_every_ordinary_command_construction_has_no_public_store_writer_escape" time="0.031" /><testcase classname="tests.kernel.test_public_command_capabilities" name="test_private_engine_helpers_are_not_forwarded_or_assignable_and_make_no_delta" time="0.017" /><testcase classname="tests.kernel.test_public_command_capabilities" name="test_ports_are_store_issued_finite_and_fail_closed_for_counterfeit_foreign_and_stale" time="0.007" /><testcase classname="tests.kernel.test_public_mutation_admission" name="test_ordinary_consumer_has_no_writer_connection_sql_or_direct_mutators" time="0.004" /><testcase classname="tests.kernel.test_public_mutation_admission" name="test_unregistered_operation_resource_event_or_schema_rejects_before_durable_delta[missing.create-fixture.record-fixture.created-fixture.v1]" time="0.002" /><testcase classname="tests.kernel.test_public_mutation_admission" name="test_unregistered_operation_resource_event_or_schema_rejects_before_durable_delta[fixture.create-missing.record-fixture.created-fixture.v1]" time="0.005" /><testcase classname="tests.kernel.test_public_mutation_admission" name="test_unregistered_operation_resource_event_or_schema_rejects_before_durable_delta[fixture.create-fixture.record-missing.created-fixture.v1]" time="0.002" /><testcase classname="tests.kernel.test_public_mutation_admission" name="test_unregistered_operation_resource_event_or_schema_rejects_before_durable_delta[fixture.create-fixture.record-fixture.created-other.v1]" time="0.002" /><testcase classname="tests.kernel.test_public_mutation_admission" name="test_registered_combination_commits_identity_event_receipt_and_reference_together" time="0.002" /><testcase classname="tests.kernel.test_public_mutation_admission" name="test_store_replaces_caller_digest_and_rejects_changed_replay_semantics_without_delta" time="0.004" /><testcase classname="tests.kernel.test_public_mutation_admission" name="test_non_owner_actor_cannot_use_an_admitted_combination" time="0.002" /><testcase classname="tests.kernel.test_public_mutation_admission" name="test_wrk_handler_is_required_store_bound_and_preserves_foreign_actor" time="0.131" /><testcase classname="tests.kernel.test_public_mutation_admission" name="test_wrk_shared_event_identity_is_deliberate_and_foreign_duplicate_is_rejected" time="0.069" /><testcase classname="tests.kernel.test_public_mutation_admission" name="test_existing_pkg_handler_succeeds_through_explicit_admitted_port" time="0.095" /><testcase classname="tests.kernel.test_receipts_limits.ReceiptAndLimitTests" name="test_all_original_context_fields_survive_transition_and_reopen" time="0.075" /><testcase classname="tests.kernel.test_receipts_limits.ReceiptAndLimitTests" name="test_exact_request_replay_after_reopen_is_single_effect" time="0.051" /><testcase classname="tests.kernel.test_receipts_limits.ReceiptAndLimitTests" name="test_last_unit_race_allows_only_one_contender" time="0.076" /><testcase classname="tests.kernel.test_receipts_limits.ReceiptAndLimitTests" name="test_limit_replay_uses_canonical_semantics_after_reopen" time="0.082" /><testcase classname="tests.kernel.test_receipts_limits.ReceiptAndLimitTests" name="test_limit_reusable_capacity_is_separate_from_cumulative_usage_and_overrun_is_truthful" time="0.121" /><testcase classname="tests.kernel.test_receipts_limits.ReceiptAndLimitTests" name="test_operation_identity_replay_conflict_and_explicit_unknown_resolution" time="0.023" /><testcase classname="tests.kernel.test_receipts_limits.ReceiptAndLimitTests" name="test_outcome_replay_binds_full_semantics_before_any_delta" time="0.021" /><testcase classname="tests.kernel.test_receipts_limits.ReceiptAndLimitTests" name="test_reopen_preserves_receipts_reservations_stable_pool_and_cumulative_usage" time="0.016" /><testcase classname="tests.kernel.test_receipts_limits.ReceiptAndLimitTests" name="test_same_key_changed_arguments_conflict_even_with_reused_digest" time="0.009" /><testcase classname="tests.kernel.test_receipts_limits.ReceiptAndLimitTests" name="test_same_key_reservation_replay_precedes_new_admission_and_digest_conflicts" time="0.031" /><testcase classname="tests.kernel.test_receipts_limits.ReceiptAndLimitTests" name="test_schema_is_exactly_the_accepted_six_table_composition" time="0.006" /><testcase classname="tests.kernel.test_receipts_limits.ReceiptAndLimitTests" name="test_stale_transition_and_transaction_rollback_leave_no_partial_receipt" time="0.085" /><testcase classname="tests.kernel.test_receipts_limits.ReceiptAndLimitTests" name="test_uncertain_keeps_capacity_held_until_explicit_release_or_settlement" time="0.033" /><testcase classname="tests.kernel.test_receipts_limits.ReceiptAndLimitTests" name="test_unknown_reopen_resolution_preserves_attribution" time="0.018" /><testcase classname="tests.extensions.test_definition_admission" name="test_non_owner_actor_cannot_escalate_with_caller_supplied_owner" time="0.004" /><testcase classname="tests.extensions.test_definition_admission" name="test_same_namespace_altered_complete_definition_is_rejected_before_use[schema]" time="0.003" /><testcase classname="tests.extensions.test_definition_admission" name="test_same_namespace_altered_complete_definition_is_rejected_before_use[owner]" time="0.006" /><testcase classname="tests.extensions.test_definition_admission" name="test_same_namespace_altered_complete_definition_is_rejected_before_use[classification]" time="0.003" /><testcase classname="tests.extensions.test_definition_admission" name="test_same_namespace_altered_complete_definition_is_rejected_before_use[writability]" time="0.006" /><testcase classname="tests.extensions.test_definition_admission" name="test_catalog_changed_after_admission_is_rejected_before_describe_or_mutation" time="0.003" /><testcase classname="tests.extensions.test_definition_admission" name="test_valid_bound_protocol_actor_and_open_extension_share_receipt_event_boundary" time="0.009" /><testcase classname="tests.extensions.test_definition_admission" name="test_same_root_protocol_actor_spoof_is_rejected_without_delta" time="0.007" /><testcase classname="tests.extensions.test_namespaces" name="test_typed_contribution_and_definition_discovery_source_boundary" time="0.005" /><testcase classname="tests.extensions.test_namespaces" name="test_open_set_read_query_and_sibling_preservation" time="0.018" /><testcase classname="tests.extensions.test_namespaces" name="test_narrow_remove_preserves_unrelated_namespaces" time="0.008" /><testcase classname="tests.extensions.test_namespaces" name="test_strict_misspelling_schema_rejection_has_no_delta" time="0.004" /><testcase classname="tests.extensions.test_namespaces" name="test_managed_namespace_and_protected_annotation_fields_rejected" time="0.006" /><testcase classname="tests.extensions.test_namespaces" name="test_protocol_requires_registered_owner_and_validates_choice" time="0.006" /><testcase classname="tests.extensions.test_namespaces" name="test_same_key_replay_changed_digest_and_stale_write_are_atomic" time="0.006" /><testcase classname="tests.extensions.test_namespaces" name="test_restart_fresh_read_and_pinned_reference_semantics" time="0.012" /><testcase classname="tests.work.test_batches" name="test_parent_sheet_is_atomic_replay_safe_and_retains_observations" time="0.020" /><testcase classname="tests.work.test_batches" name="test_sheet_replay_precedes_stale_base_after_advance_and_changed_base_has_no_effect" time="0.017" /><testcase classname="tests.work.test_batches" name="test_invalid_child_rolls_back_all_rows_events_and_receipt" time="0.014" /><testcase classname="tests.work.test_batches" name="test_injected_child_failure_rolls_back_revisions_associations_and_parent_boundary" time="0.020" /><testcase classname="tests.work.test_batches" name="test_existing_task_document_head_and_association_revise_through_fnd" time="0.030" /><testcase classname="tests.work.test_batches" name="test_pending_creation_commits_before_materialisation_and_activation_is_explicit" time="0.010" /><testcase classname="tests.work.test_batches" name="test_cross_scope_partial_and_manager_selected_action_are_explicit" time="0.075" /><testcase classname="tests.work.test_assignments" name="test_one_generic_assignment_separates_reporter_launcher_and_fences_stale_writer" time="0.014" /><testcase classname="tests.work.test_assignments" name="test_current_input_is_pinned_at_dispatch_and_explicit_action_is_preserved" time="0.009" /><testcase classname="tests.work.test_identity_graph" name="test_contribution_is_typed_and_uses_only_fnd_composition" time="0.005" /><testcase classname="tests.work.test_identity_graph" name="test_pending_project_is_durable_sparse_and_replay_safe" time="0.016" /><testcase classname="tests.work.test_identity_graph" name="test_aliases_and_revisions_preserve_identity_and_omission_does_not_delete" time="0.013" /><testcase classname="tests.work.test_identity_graph" name="test_parent_and_dependency_cycles_reject_atomically" time="0.082" /><testcase classname="tests.work.test_identity_graph" name="test_project_parent_link_is_rejected_and_has_no_descriptor_port" time="0.127" /><testcase classname="tests.work.test_identity_graph" name="test_valid_single_record_links_state_and_lifecycle_keep_boundaries" time="0.034" /><testcase classname="tests.work.test_identity_graph" name="test_module_has_no_product_or_runtime_dependency" time="0.007" /><testcase classname="tests.work.test_gf02_c33_replay_closure" name="test_work_revise_exact_retry_after_advance_covers_all_six_kinds" time="0.264" /><testcase classname="tests.work.test_gf02_c33_replay_closure" name="test_work_revision_mutation_paths_replay_without_delta_and_conflict_on_changed_request[parent]" time="0.015" /><testcase classname="tests.work.test_gf02_c33_replay_closure" name="test_work_revision_mutation_paths_replay_without_delta_and_conflict_on_changed_request[dependency]" time="0.012" /><testcase classname="tests.work.test_gf02_c33_replay_closure" name="test_work_revision_mutation_paths_replay_without_delta_and_conflict_on_changed_request[state]" time="0.070" /><testcase classname="tests.work.test_gf02_c33_replay_closure" name="test_project_activation_replays_original_base_after_advance" time="0.009" /><testcase classname="tests.work.test_gf02_c33_replay_closure" name="test_assessment_finding_close_replays_and_changed_finding_precondition_conflicts" time="0.072" /><testcase classname="tests.work.test_gf02_c33_replay_closure" name="test_reassign_replays_original_generation_and_changed_generation_conflicts" time="0.073" /><testcase classname="tests.work.test_gf02_c33_replay_closure" name="test_managed_pack_author_replays_without_new_revision_or_effect" time="0.033" /><testcase classname="tests.work.test_gf02_c33_replay_closure" name="test_authoring_release_and_actor_release_exact_retry_keep_invalid_first_invalid" time="0.007" /><testcase classname="tests.assessment.test_accounting" name="test_megado_and_creative_lenses_share_scope_input_invocation_result_primitives" time="0.028" /><testcase classname="tests.assessment.test_accounting" name="test_unknown_is_distinct_charged_and_explicitly_disposed" time="0.020" /><testcase classname="tests.assessment.test_accounting" name="test_exact_pins_changed_consumed_input_invalidates_but_annotation_change_does_not" time="0.018" /><testcase classname="tests.assessment.test_accounting" name="test_selection_assessment_acceptance_are_separate_and_approval_binds_exact_refs" time="0.039" /><testcase classname="tests.assessment.test_accounting" name="test_invocation_success_does_not_close_parent_and_rework_keeps_parent_lineage" time="0.053" /><testcase classname="tests.assessment.test_accounting" name="test_correction_and_result_link_exact_retry_preserve_receipts_and_conflict_on_changed_input" time="0.218" /><testcase classname="tests.assessment.test_accounting" name="test_finding_close_exact_retry_returns_original_receipt_and_changed_request_conflicts" time="0.161" /><testcase classname="tests.assessment.test_accounting" name="test_route_change_resume_unknown_and_overrun_do_not_refill_allowance" time="0.022" /><testcase classname="tests.assessment.test_accounting" name="test_atomic_whole_assessment_rolls_back_children_operation_receipts_and_reservation" time="0.021" /><testcase classname="tests.assessment.test_accounting" name="test_stale_criterion_rejects_and_no_review_is_policy_bound" time="0.019" /><testcase classname="tests.assessment.test_accounting" name="test_history_is_readable_and_loop_facts_do_not_infer_progress_or_create_stage" time="0.023" /><testcase classname="tests.authoring.test_exclusivity.ExclusivityTests" name="test_create_and_open_does_not_create_when_actor_is_occupied" time="0.006" /><testcase classname="tests.authoring.test_exclusivity.ExclusivityTests" name="test_cross_scope_progress_and_same_actor_occupancy" time="0.010" /><testcase classname="tests.authoring.test_exclusivity.ExclusivityTests" name="test_exact_snapshots_finish_claim_replay_and_reopen_new_turn" time="0.025" /><testcase classname="tests.authoring.test_exclusivity.ExclusivityTests" name="test_idle_manual_share_claim_identity_and_stale_base_rejects" time="0.007" /><testcase classname="tests.authoring.test_exclusivity.ExclusivityTests" name="test_import_boundary_has_no_sqlite_or_private_schema_writer" time="0.005" /><testcase classname="tests.authoring.test_exclusivity.ExclusivityTests" name="test_materialization_failure_saves_project_and_releases" time="0.037" /><testcase classname="tests.authoring.test_exclusivity.ExclusivityTests" name="test_nested_target_resolves_to_parent_and_direct_bypass_is_rejected" time="0.006" /><testcase classname="tests.authoring.test_exclusivity.ExclusivityTests" name="test_racing_opens_have_one_holder_and_occupied_read_is_masked" time="0.005" /><testcase classname="tests.authoring.test_exclusivity.ExclusivityTests" name="test_two_services_race_same_actor_across_scopes_has_no_partial_loser" time="0.061" /><testcase classname="tests.authoring.test_exclusivity.ExclusivityTests" name="test_two_services_race_same_scope_has_one_durable_reservation" time="0.010" /><testcase classname="tests.authoring.test_failure_matrix.FailureMatrixTests" name="test_cleanup_rejects_unexpected_files_symlink_and_parent_swap" time="0.007" /><testcase classname="tests.authoring.test_failure_matrix.FailureMatrixTests" name="test_cross_service_finish_loser_reconciles_durable_winner" time="0.017" /><testcase classname="tests.authoring.test_failure_matrix.FailureMatrixTests" name="test_declared_content_edit_time_is_persisted_and_polling_does_not_refresh_it" time="0.008" /><testcase classname="tests.authoring.test_failure_matrix.FailureMatrixTests" name="test_edited_blank_follows_common_finish_and_late_token_is_fenced" time="0.011" /><testcase classname="tests.authoring.test_failure_matrix.FailureMatrixTests" name="test_idle_uses_last_content_edit_not_polling_and_untouched_blank_is_retained" time="0.025" /><testcase classname="tests.authoring.test_failure_matrix.FailureMatrixTests" name="test_invalid_idle_draft_is_durable_exact_and_cleanup_is_after_release" time="0.014" /><testcase classname="tests.authoring.test_failure_matrix.FailureMatrixTests" name="test_partial_cleanup_is_retryable_and_does_not_mark_complete" time="0.011" /><testcase classname="tests.authoring.test_failure_matrix.FailureMatrixTests" name="test_writer_uncertainty_and_capture_failure_preserve_files_and_slot_is_not_reacquired" time="0.006" /><testcase classname="tests.authoring.test_finish.FinishTests" name="test_application_failure_is_recovery_pending_without_success_receipt" time="0.014" /><testcase classname="tests.authoring.test_finish.FinishTests" name="test_capture_failure_does_not_write_a_false_success" time="0.006" /><testcase classname="tests.authoring.test_finish.FinishTests" name="test_cleanup_refresh_replays_without_hashing_projection_or_fence" time="0.012" /><testcase classname="tests.authoring.test_finish.FinishTests" name="test_concurrent_manual_idle_race_has_one_application" time="0.011" /><testcase classname="tests.authoring.test_finish.FinishTests" name="test_direct_capture_failure_returns_actual_recovery_receipt" time="0.011" /><testcase classname="tests.authoring.test_finish.FinishTests" name="test_valid_handler_applies_once_and_manual_idle_share_finish_boundary" time="0.015" /><testcase classname="tests.authoring.test_finish.FinishTests" name="test_validation_failure_preserves_rejected_bytes_and_diagnostics" time="0.009" /><testcase classname="tests.authoring.test_gf03_retirement" name="test_manual_late_write_is_recovery_and_fresh_retry_durably_preserves_it" time="0.027" /><testcase classname="tests.authoring.test_gf03_retirement" name="test_idle_late_write_uses_same_recovery_barrier_and_keeps_file" time="0.014" /><testcase classname="tests.authoring.test_gf03_retirement" name="test_exact_manifest_rejects_in_place_late_write_during_cleanup" time="0.011" /><testcase classname="tests.authoring.test_gf03_retirement" name="test_public_cleanup_without_writer_callback_blocks_exact_deletion" time="0.001" /><testcase classname="tests.authoring.test_gf03_retirement" name="test_public_cleanup_with_unknown_writer_state_blocks_deletion" time="0.001" /><testcase classname="tests.authoring.test_gf03_retirement" name="test_public_cleanup_with_active_or_raising_writer_state_blocks_deletion" time="0.002" /><testcase classname="tests.authoring.test_gf03_retirement" name="test_public_cleanup_rejects_bare_or_partial_metadata_even_when_writer_quiescent" time="0.001" /><testcase classname="tests.authoring.test_gf03_retirement" name="test_public_cleanup_deletes_only_exact_manifest_with_quiescent_writer" time="0.002" /><testcase classname="tests.authoring.test_gf03_retirement" name="test_public_cleanup_with_held_but_unbound_guard_preserves_file" time="0.001" /><testcase classname="tests.authoring.test_gf03_retirement" name="test_boolean_or_noop_object_cannot_impersonate_a_held_lease" time="0.001" /><testcase classname="tests.authoring.test_gf03_retirement" name="test_unchanged_manual_and_idle_finish_still_persist_and_clean" time="0.031" /><testcase classname="tests.authoring.test_gf03_retirement" name="test_invalid_durable_retirement_handoffs_never_complete_or_delete[absent-manifest-&lt;lambda&gt;]" time="0.013" /><testcase classname="tests.authoring.test_gf03_retirement" name="test_invalid_durable_retirement_handoffs_never_complete_or_delete[absent-fence-&lt;lambda&gt;]" time="0.032" /><testcase classname="tests.authoring.test_gf03_retirement" name="test_invalid_durable_retirement_handoffs_never_complete_or_delete[partial-manifest-&lt;lambda&gt;]" time="0.013" /><testcase classname="tests.authoring.test_gf03_retirement" name="test_invalid_durable_retirement_handoffs_never_complete_or_delete[mismatched-fence-&lt;lambda&gt;]" time="0.010" /><testcase classname="tests.authoring.test_gf03_retirement" name="test_invalid_durable_retirement_handoffs_never_complete_or_delete[partial-fence-&lt;lambda&gt;]" time="0.034" /><testcase classname="tests.authoring.test_gf03_retirement" name="test_invalid_durable_retirement_handoffs_never_complete_or_delete[unauthenticated-fence-&lt;lambda&gt;]" time="0.008" /><testcase classname="tests.authoring.test_gf03_retirement" name="test_authentic_but_stale_fence_preserves_checkout" time="0.010" /><testcase classname="tests.authoring.test_gf03_retirement" name="test_declared_unknown_or_unmanaged_writer_forces_unsafe_cleanup" time="0.021" /><testcase classname="tests.authoring.test_gf03_retirement" name="test_restart_reacquisition_failure_is_explicit_and_preserves_bytes" time="0.011" /><testcase classname="tests.authoring.test_gf03_retirement" name="test_restart_reestablishes_same_authenticated_authority_before_unlink" time="0.011" /><testcase classname="tests.authoring.test_gf03_retirement" name="test_cross_process_already_open_managed_descriptor_is_blocked_at_unlink_boundary" time="0.213" /><testcase classname="tests.authoring.test_handoff" name="test_deterministic_idle_clock_and_actual_timer_fixture" time="0.096" /><testcase classname="tests.authoring.test_handoff" name="test_failed_cleanup_is_durable_and_retry_removes_only_registered_files" time="0.019" /><testcase classname="tests.authoring.test_handoff" name="test_fresh_consumer_process_and_restart_read_exact_durable_links" time="0.170" /><testcase classname="tests.authoring.test_snapshots.SnapshotTests" name="test_autosave_noop_preserves_raw_draft_and_reads_after_restart" time="0.017" /><testcase classname="tests.authoring.test_snapshots.SnapshotTests" name="test_exact_multi_file_manifest_and_bytes_are_deterministic" time="0.043" /><testcase classname="tests.authoring.test_snapshots.SnapshotTests" name="test_invalid_paths_missing_and_unregistered_files_are_rejected" time="0.003" /><testcase classname="tests.authoring.test_snapshots.SnapshotTests" name="test_symlink_escape_and_unsettled_writer_are_rejected" time="0.009" /><testcase classname="tests.authoring.test_three_targets" name="test_all_real_targets_share_finish_idle_cleanup_and_owner_application" time="0.343" /><testcase classname="tests.authoring.test_three_targets" name="test_project_creation_and_reopen_share_handler_and_untouched_pending_is_retained" time="0.201" /><testcase classname="tests.authoring.test_three_targets" name="test_document_scope_rules_external_attachment_rejection_and_closed_fence" time="0.054" /><testcase classname="tests.authoring.test_three_targets" name="test_wrk_direct_and_sheet_owner_path_reject_replay_and_preserve_unrelated_fields" time="0.020" /><testcase classname="tests.authoring.test_three_targets" name="test_rejected_bytes_are_durable_and_no_success_receipt_or_unowned_change" time="0.011" /><testcase classname="tests.authoring.test_three_targets" name="test_shared_adapter_is_neutral_and_reuses_one_finish_boundary" time="0.081" /><testcase classname="tests.packs.test_authoring" name="test_public_managed_reader_uses_real_discovery_and_loader" time="0.001"><skipped type="pytest.skip" message="could not import 'astrid.core.pack.source_setup': No module named 'astrid'">/Users/hannahomalley/Documents/Codex/2026-09-13/can-x20/.otto/portfolios/otto-herzchen-delivery/local/repos/Herzchen-int-final-combined-xhard-worker/tests/packs/test_authoring.py:76: could not import 'astrid.core.pack.source_setup': No module named 'astrid'</skipped></testcase><testcase classname="tests.packs.test_authoring" name="test_neutral_admission_adapter_avoids_astrid_imports_and_preserves_identity" time="0.065" /><testcase classname="tests.packs.test_authoring" name="test_neutral_admission_adapter_rejects_actual_resource_digest_mismatch" time="0.001" /><testcase classname="tests.packs.test_authoring" name="test_partial_admission_adapter_is_rejected_before_default_import" time="0.000" /><testcase classname="tests.packs.test_authoring" name="test_blank_starter_is_sparse_pack_v2_and_independent_of_megado" time="0.003" /><testcase classname="tests.packs.test_authoring" name="test_supported_loader_rejects_legacy_database_escape_and_duplicate[bad_manifest0]" time="0.012"><skipped type="pytest.skip" message="could not import 'astrid.core.pack.loader': No module named 'astrid'">/Users/hannahomalley/Documents/Codex/2026-09-13/can-x20/.otto/portfolios/otto-herzchen-delivery/local/repos/Herzchen-int-final-combined-xhard-worker/tests/packs/test_authoring.py:42: could not import 'astrid.core.pack.loader': No module named 'astrid'</skipped></testcase><testcase classname="tests.packs.test_authoring" name="test_supported_loader_rejects_legacy_database_escape_and_duplicate[bad_manifest1]" time="0.001"><skipped type="pytest.skip" message="could not import 'astrid.core.pack.loader': No module named 'astrid'">/Users/hannahomalley/Documents/Codex/2026-09-13/can-x20/.otto/portfolios/otto-herzchen-delivery/local/repos/Herzchen-int-final-combined-xhard-worker/tests/packs/test_authoring.py:42: could not import 'astrid.core.pack.loader': No module named 'astrid'</skipped></testcase><testcase classname="tests.packs.test_authoring" name="test_supported_loader_rejects_legacy_database_escape_and_duplicate[bad_manifest2]" time="0.001"><skipped type="pytest.skip" message="could not import 'astrid.core.pack.loader': No module named 'astrid'">/Users/hannahomalley/Documents/Codex/2026-09-13/can-x20/.otto/portfolios/otto-herzchen-delivery/local/repos/Herzchen-int-final-combined-xhard-worker/tests/packs/test_authoring.py:42: could not import 'astrid.core.pack.loader': No module named 'astrid'</skipped></testcase><testcase classname="tests.packs.test_authoring" name="test_supported_loader_rejects_legacy_database_escape_and_duplicate[bad_manifest3]" time="0.001"><skipped type="pytest.skip" message="could not import 'astrid.core.pack.loader': No module named 'astrid'">/Users/hannahomalley/Documents/Codex/2026-09-13/can-x20/.otto/portfolios/otto-herzchen-delivery/local/repos/Herzchen-int-final-combined-xhard-worker/tests/packs/test_authoring.py:42: could not import 'astrid.core.pack.loader': No module named 'astrid'</skipped></testcase><testcase classname="tests.packs.test_authoring" name="test_supported_loader_rejects_symlinked_pack_tree" time="0.001"><skipped type="pytest.skip" message="could not import 'astrid.core.pack.loader': No module named 'astrid'">/Users/hannahomalley/Documents/Codex/2026-09-13/can-x20/.otto/portfolios/otto-herzchen-delivery/local/repos/Herzchen-int-final-combined-xhard-worker/tests/packs/test_authoring.py:42: could not import 'astrid.core.pack.loader': No module named 'astrid'</skipped></testcase><testcase classname="tests.packs.test_authoring" name="test_invalid_managed_provenance_fails_closed" time="0.001"><skipped type="pytest.skip" message="could not import 'astrid.core.pack.source_setup': No module named 'astrid'">/Users/hannahomalley/Documents/Codex/2026-09-13/can-x20/.otto/portfolios/otto-herzchen-delivery/local/repos/Herzchen-int-final-combined-xhard-worker/tests/packs/test_authoring.py:249: could not import 'astrid.core.pack.source_setup': No module named 'astrid'</skipped></testcase><testcase classname="tests.packs.test_authoring" name="test_content_only_authoring_preserves_unknown_siblings_and_old_pins" time="0.001"><skipped type="pytest.skip" message="could not import 'astrid.core.pack.source_setup': No module named 'astrid'">/Users/hannahomalley/Documents/Codex/2026-09-13/can-x20/.otto/portfolios/otto-herzchen-delivery/local/repos/Herzchen-int-final-combined-xhard-worker/tests/packs/test_authoring.py:266: could not import 'astrid.core.pack.source_setup': No module named 'astrid'</skipped></testcase><testcase classname="tests.packs.test_authoring" name="test_execution_choices_are_inspectable_and_independent" time="0.001"><skipped type="pytest.skip" message="could not import 'astrid.core.pack.source_setup': No module named 'astrid'">/Users/hannahomalley/Documents/Codex/2026-09-13/can-x20/.otto/portfolios/otto-herzchen-delivery/local/repos/Herzchen-int-final-combined-xhard-worker/tests/packs/test_authoring.py:314: could not import 'astrid.core.pack.source_setup': No module named 'astrid'</skipped></testcase><testcase classname="tests.packs.test_authoring" name="test_skill_export_is_byte_identical_and_links_resolve_offline" time="0.026" /><testcase classname="tests.packs.test_authoring" name="test_compatibility_inventory_has_explicit_history_aliases_and_transfer_fixture" time="0.001"><skipped type="pytest.skip" message="could not import 'astrid.core.pack.source_setup': No module named 'astrid'">/Users/hannahomalley/Documents/Codex/2026-09-13/can-x20/.otto/portfolios/otto-herzchen-delivery/local/repos/Herzchen-int-final-combined-xhard-worker/tests/packs/test_authoring.py:330: could not import 'astrid.core.pack.source_setup': No module named 'astrid'</skipped></testcase><testcase classname="tests.packs.test_authoring" name="test_authoring_path_rejects_undeclared_escape_updates" time="0.001"><skipped type="pytest.skip" message="could not import 'astrid.core.pack.source_setup': No module named 'astrid'">/Users/hannahomalley/Documents/Codex/2026-09-13/can-x20/.otto/portfolios/otto-herzchen-delivery/local/repos/Herzchen-int-final-combined-xhard-worker/tests/packs/test_authoring.py:339: could not import 'astrid.core.pack.source_setup': No module named 'astrid'</skipped></testcase><testcase classname="tests.conformance.test_c33_persisted_port_conformance" name="test_matrix_is_exact_bijection" time="0.014" /><testcase classname="tests.conformance.test_c33_persisted_port_conformance" name="test_persisted_port_public_handler_conformance[C33-5a2d158602d2]" time="0.129" /><testcase classname="tests.conformance.test_c33_persisted_port_conformance" name="test_persisted_port_public_handler_conformance[C33-18a5affbe93b]" time="0.043" /><testcase classname="tests.conformance.test_c33_persisted_port_conformance" name="test_persisted_port_public_handler_conformance[C33-fe3bd728514b]" time="0.071" /><testcase classname="tests.conformance.test_c33_persisted_port_conformance" name="test_persisted_port_public_handler_conformance[C33-f945fd859ae6]" time="0.059" /><testcase classname="tests.conformance.test_c33_persisted_port_conformance" name="test_persisted_port_public_handler_conformance[C33-08c1d1d7ea29]" time="0.109" /><testcase classname="tests.conformance.test_c33_persisted_port_conformance" name="test_persisted_port_public_handler_conformance[C33-56f0482b67ae]" time="0.389" /><testcase classname="tests.conformance.test_c33_persisted_port_conformance" name="test_persisted_port_public_handler_conformance[C33-c8c7737b710d]" time="0.356" /><testcase classname="tests.conformance.test_c33_persisted_port_conformance" name="test_persisted_port_public_handler_conformance[C33-a804fcafe628]" time="0.583" /><testcase classname="tests.conformance.test_c33_persisted_port_conformance" name="test_persisted_port_public_handler_conformance[C33-8fa7f00729d7]" time="0.368" /><testcase classname="tests.conformance.test_c33_persisted_port_conformance" name="test_persisted_port_public_handler_conformance[C33-38c7cd2fe47b]" time="0.112" /><testcase classname="tests.conformance.test_c33_persisted_port_conformance" name="test_persisted_port_public_handler_conformance[C33-a31984ab1445]" time="0.036" /><testcase classname="tests.conformance.test_c33_persisted_port_conformance" name="test_persisted_port_public_handler_conformance[C33-ff2ad912a9ea]" time="0.059" /><testcase classname="tests.conformance.test_c33_persisted_port_conformance" name="test_persisted_port_public_handler_conformance[C33-1cb18f497f39]" time="0.082" /><testcase classname="tests.conformance.test_c33_persisted_port_conformance" name="test_persisted_port_public_handler_conformance[C33-04f607c89ef5]" time="0.087" /><testcase classname="tests.conformance.test_c33_persisted_port_conformance" name="test_persisted_port_public_handler_conformance[C33-04828832ad06]" time="0.112" /><testcase classname="tests.conformance.test_c33_persisted_port_conformance" name="test_persisted_port_public_handler_conformance[C33-c97d80c0fbfe]" time="0.054" /><testcase classname="tests.conformance.test_c33_persisted_port_conformance" name="test_persisted_port_public_handler_conformance[C33-e884f6cfe0e3]" time="0.073" /><testcase classname="tests.conformance.test_c33_persisted_port_conformance" name="test_persisted_port_public_handler_conformance[C33-2429086b335f]" time="0.045" /><testcase classname="tests.conformance.test_c33_persisted_port_conformance" name="test_persisted_port_public_handler_conformance[C33-dc2ced1157ed]" time="0.063" /><testcase classname="tests.conformance.test_c33_persisted_port_conformance" name="test_persisted_port_public_handler_conformance[C33-7520127c246b]" time="0.047" /><testcase classname="tests.conformance.test_c33_persisted_port_conformance" name="test_persisted_port_public_handler_conformance[C33-d0a40bfa7b4c]" time="0.062" /><testcase classname="tests.conformance.test_c33_persisted_port_conformance" name="test_persisted_port_public_handler_conformance[C33-817037cf2949]" time="0.087" /><testcase classname="tests.conformance.test_c33_persisted_port_conformance" name="test_persisted_port_public_handler_conformance[C33-857bfa7ba9e7]" time="0.050" /><testcase classname="tests.conformance.test_c33_persisted_port_conformance" name="test_persisted_port_public_handler_conformance[C33-93c383e03e9e]" time="0.053" /><testcase classname="tests.conformance.test_c33_persisted_port_conformance" name="test_persisted_port_public_handler_conformance[C33-2962a59f53a9]" time="0.060" /><testcase classname="tests.conformance.test_c33_persisted_port_conformance" name="test_persisted_port_public_handler_conformance[C33-7365d008c643]" time="0.073" /><testcase classname="tests.conformance.test_c33_persisted_port_conformance" name="test_persisted_port_public_handler_conformance[C33-21f2db8729f6]" time="0.071" /><testcase classname="tests.conformance.test_c33_persisted_port_conformance" name="test_persisted_port_public_handler_conformance[C33-be47b08ec0ae]" time="0.062" /><testcase classname="tests.conformance.test_c33_persisted_port_conformance" name="test_persisted_port_public_handler_conformance[C33-bc584f4122ec]" time="0.084" /><testcase classname="tests.conformance.test_c33_persisted_port_conformance" name="test_persisted_port_public_handler_conformance[C33-ee3189564f92]" time="0.052" /><testcase classname="tests.conformance.test_c33_persisted_port_conformance" name="test_persisted_port_public_handler_conformance[C33-a9a10b1b2c04]" time="0.063" /><testcase classname="tests.conformance.test_c33_persisted_port_conformance" name="test_persisted_port_public_handler_conformance[C33-9364752f5ad7]" time="0.081" /><testcase classname="tests.conformance.test_c33_persisted_port_conformance" name="test_persisted_port_public_handler_conformance[C33-0f1fb04eceee]" time="0.067" /><testcase classname="tests.conformance.test_c33_persisted_port_conformance" name="test_persisted_port_public_handler_conformance[C33-c800a967d593]" time="0.067" /><testcase classname="tests.conformance.test_c33_persisted_port_conformance" name="test_persisted_port_public_handler_conformance[C33-eaedca5df901]" time="0.094" /><testcase classname="tests.conformance.test_c33_persisted_port_conformance" name="test_persisted_port_public_handler_conformance[C33-ee20a0f06c44]" time="0.098" /><testcase classname="tests.conformance.test_c33_persisted_port_conformance" name="test_persisted_port_public_handler_conformance[C33-98ca863ee628]" time="0.084" /><testcase classname="tests.conformance.test_c33_persisted_port_conformance" name="test_persisted_port_public_handler_conformance[C33-670d5eb6faaa]" time="0.068" /><testcase classname="tests.conformance.test_c33_persisted_port_conformance" name="test_persisted_port_public_handler_conformance[C33-c9e1ae9afc33]" time="0.117" /><testcase classname="tests.conformance.test_c33_persisted_port_conformance" name="test_persisted_port_public_handler_conformance[C33-1b03dca8423a]" time="0.066" /><testcase classname="tests.conformance.test_c33_persisted_port_conformance" name="test_persisted_port_public_handler_conformance[C33-ffd584a43620]" time="0.081" /><testcase classname="tests.conformance.test_c33_persisted_port_conformance" name="test_persisted_port_public_handler_conformance[C33-6d8b1a54b0e9]" time="0.115" /><testcase classname="tests.conformance.test_c33_persisted_port_conformance" name="test_persisted_port_public_handler_conformance[C33-15c8229a01af]" time="0.199" /><testcase classname="tests.conformance.test_c33_persisted_port_conformance" name="test_persisted_port_public_handler_conformance[C33-acbb464100dd]" time="0.116" /><testcase classname="tests.conformance.test_c33_persisted_port_conformance" name="test_persisted_port_public_handler_conformance[C33-3373b9d508b8]" time="0.133" /><testcase classname="tests.conformance.test_c33_persisted_port_conformance" name="test_persisted_port_public_handler_conformance[C33-38894f4ea32e]" time="0.157" /><testcase classname="tests.conformance.test_c33_persisted_port_conformance" name="test_persisted_port_public_handler_conformance[C33-4e1358537718]" time="0.108" /><testcase classname="tests.conformance.test_c33_persisted_port_conformance" name="test_persisted_port_public_handler_conformance[C33-416340a8bfdf]" time="0.099" /><testcase classname="tests.conformance.test_c33_persisted_port_conformance" name="test_persisted_port_public_handler_conformance[C33-56d9acd440b3]" time="0.086" /><testcase classname="tests.conformance.test_c33_persisted_port_conformance" name="test_persisted_port_public_handler_conformance[C33-f3be8d0426e2]" time="0.139" /><testcase classname="tests.conformance.test_c33_persisted_port_conformance" name="test_persisted_port_public_handler_conformance[C33-b96a2018602a]" time="0.118" /><testcase classname="tests.conformance.test_c33_persisted_port_conformance" name="test_persisted_port_public_handler_conformance[C33-dd0a71dce3c8]" time="0.308" /><testcase classname="tests.conformance.test_c33_persisted_port_conformance" name="test_persisted_port_public_handler_conformance[C33-f67f5585b14b]" time="0.305" /><testcase classname="tests.conformance.test_c33_persisted_port_conformance" name="test_persisted_port_public_handler_conformance[C33-6a157fd03348]" time="0.148" /><testcase classname="tests.conformance.test_c33_persisted_port_conformance" name="test_persisted_port_public_handler_conformance[C33-220a80bc8a49]" time="0.089" /><testcase classname="tests.conformance.test_c33_persisted_port_conformance" name="test_persisted_port_public_handler_conformance[C33-f7e14d3e5dbf]" time="0.097" /><testcase classname="tests.conformance.test_c33_persisted_port_conformance" name="test_persisted_port_public_handler_conformance[C33-de432e1f4e69]" time="0.084" /><testcase classname="tests.conformance.test_c33_persisted_port_conformance" name="test_persisted_port_public_handler_conformance[C33-0d4b73c85f13]" time="0.177" /><testcase classname="tests.conformance.test_c33_persisted_port_conformance" name="test_persisted_port_public_handler_conformance[C33-abefb091fb7f]" time="0.155" /><testcase classname="tests.conformance.test_c33_persisted_port_conformance" name="test_persisted_port_public_handler_conformance[C33-eccadb1aca8c]" time="0.120" /><testcase classname="tests.conformance.test_c33_persisted_port_conformance" name="test_persisted_port_public_handler_conformance[C33-f0f3ce000f74]" time="0.117" /><testcase classname="tests.conformance.test_c33_persisted_port_conformance" name="test_persisted_port_public_handler_conformance[C33-b7aac3afde56]" time="0.092" /><testcase classname="tests.conformance.test_c33_persisted_port_conformance" name="test_persisted_port_public_handler_conformance[C33-72c411684026]" time="0.153" /><testcase classname="tests.conformance.test_c33_persisted_port_conformance" name="test_persisted_port_public_handler_conformance[C33-72a421e801b7]" time="0.137" /><testcase classname="tests.conformance.test_c33_persisted_port_conformance" name="test_persisted_port_public_handler_conformance[C33-72e5fe0d5a3f]" time="0.086" /><testcase classname="tests.conformance.test_c33_persisted_port_conformance" name="test_persisted_port_public_handler_conformance[C33-f9d7425d4d8e]" time="0.103" /><testcase classname="tests.conformance.test_c33_persisted_port_conformance" name="test_persisted_port_public_handler_conformance[C33-81d7495bc72c]" time="0.131" /><testcase classname="tests.conformance.test_c33_persisted_port_conformance" name="test_persisted_port_public_handler_conformance[C33-e2e789712555]" time="0.490" /><testcase classname="tests.conformance.test_c33_persisted_port_conformance" name="test_persisted_port_public_handler_conformance[C33-ac6cd8672399]" time="0.533" /><testcase classname="tests.conformance.test_c33_persisted_port_conformance" name="test_persisted_port_public_handler_conformance[C33-17d163f22af8]" time="0.381" /><testcase classname="tests.conformance.test_c33_persisted_port_conformance" name="test_persisted_port_public_handler_conformance[C33-ca8adffb0887]" time="0.114" /><testcase classname="tests.conformance.test_c33_persisted_port_conformance" name="test_persisted_port_public_handler_conformance[C33-488a76d731d1]" time="0.075" /><testcase classname="tests.conformance.test_c33_persisted_port_conformance" name="test_persisted_port_public_handler_conformance[C33-5a9b9acd322d]" time="0.081" /><testcase classname="tests.conformance.test_c33_persisted_port_conformance" name="test_persisted_port_public_handler_conformance[C33-08c3061da37a]" time="0.093" /><testcase classname="tests.conformance.test_c33_persisted_port_conformance" name="test_persisted_port_public_handler_conformance[C33-569e2711b2f1]" time="0.080" /><testcase classname="tests.conformance.test_c33_persisted_port_conformance" name="test_persisted_port_public_handler_conformance[C33-cfb52d9f1043]" time="0.098" /></testsuite></testsuites>